/*C1*/SET SCHEMA PUBLIC
CONNECT USER SA
SET AUTOCOMMIT FALSE
INSERT INTO STOCKITEM VALUES(6,'1',1.0,1,'')
COMMIT
INSERT INTO SALE VALUES(14,'2013-11-25 14:52:15.947000000',NULL)
INSERT INTO SOLDITEM VALUES(19,14,6,'1',1,1.0)
INSERT INTO SOLDITEM VALUES(20,14,3,'P\u00e4hklid',8,10.0)
INSERT INTO SOLDITEM VALUES(21,14,2,'\u00d5lle vorstikesed',2,15.0)
DELETE FROM STOCKITEM WHERE ID=2
INSERT INTO STOCKITEM VALUES(2,'\u00d5lle vorstikesed',15.0,40,NULL)
DELETE FROM STOCKITEM WHERE ID=3
INSERT INTO STOCKITEM VALUES(3,'P\u00e4hklid',10.0,52,NULL)
DELETE FROM STOCKITEM WHERE ID=6
INSERT INTO STOCKITEM VALUES(6,'1',1.0,0,'')
COMMIT
DISCONNECT
/*C2*/SET SCHEMA PUBLIC
CONNECT USER SA
SET AUTOCOMMIT FALSE
DISCONNECT
/*C3*/SET SCHEMA PUBLIC
CONNECT USER SA
SET AUTOCOMMIT FALSE
DISCONNECT
/*C4*/SET SCHEMA PUBLIC
CONNECT USER SA
SET AUTOCOMMIT FALSE
DISCONNECT
/*C5*/SET SCHEMA PUBLIC
CONNECT USER SA
SET AUTOCOMMIT FALSE
DISCONNECT
/*C6*/SET SCHEMA PUBLIC
CONNECT USER SA
SET AUTOCOMMIT FALSE
/*C7*/SET SCHEMA PUBLIC
CONNECT USER SA
SET AUTOCOMMIT FALSE
INSERT INTO SALE VALUES(15,'2013-11-25 15:05:42.165000000',NULL)
INSERT INTO SOLDITEM VALUES(22,15,3,'P\u00e4hklid',1,10.0)
DELETE FROM STOCKITEM WHERE ID=3
INSERT INTO STOCKITEM VALUES(3,'P\u00e4hklid',10.0,51,NULL)
COMMIT
DISCONNECT
/*C6*/DISCONNECT
